2025-10-27 08:56:18.225 [info] [main] Log level: Info
2025-10-27 08:56:18.225 [info] [main] Validating found git in: "git"
2025-10-27 08:56:18.304 [info] [main] Using git "2.51.0" from "git"
2025-10-27 08:56:18.305 [info] [Model][doInitialScan] Initial repository scan started
2025-10-27 08:56:18.374 [info] > git rev-parse --show-toplevel [38ms]
2025-10-27 08:56:18.374 [info] fatal: not a git repository (or any of the parent directories): .git
2025-10-27 08:56:18.399 [info] > git rev-parse --show-toplevel [1ms]
2025-10-27 08:56:18.399 [info] fatal: not a git repository (or any of the parent directories): .git
2025-10-27 08:56:18.401 [info] [Model][doInitialScan] Initial repository scan completed - repositories (0), closed repositories (0), parent repositories (0), unsafe repositories (0)
2025-10-27 08:56:20.636 [info] > git rev-parse --show-toplevel [3ms]
2025-10-27 08:56:20.636 [info] fatal: not a git repository (or any of the parent directories): .git
2025-10-27 09:25:21.992 [info] > git rev-parse --show-toplevel [32ms]
2025-10-27 09:25:21.995 [info] fatal: not a git repository (or any of the parent directories): .git
2025-10-27 09:25:28.334 [info] > git rev-parse --show-toplevel [14ms]
2025-10-27 09:25:28.334 [info] fatal: not a git repository (or any of the parent directories): .git
2025-10-27 09:42:44.137 [info] > git rev-parse --show-toplevel [22ms]
2025-10-27 09:42:44.137 [info] fatal: not a git repository (or any of the parent directories): .git
2025-10-27 09:44:37.255 [info] > git rev-parse --show-toplevel [31ms]
2025-10-27 09:44:37.256 [info] fatal: not a git repository (or any of the parent directories): .git
2025-10-27 09:50:03.322 [info] > git rev-parse --show-toplevel [17ms]
2025-10-27 09:50:03.322 [info] fatal: not a git repository (or any of the parent directories): .git
2025-10-27 09:50:26.680 [info] > git rev-parse --show-toplevel [41ms]
2025-10-27 09:50:26.680 [info] fatal: not a git repository (or any of the parent directories): .git
2025-10-27 09:56:43.174 [info] > git rev-parse --show-toplevel [241ms]
2025-10-27 09:56:43.174 [info] fatal: not a git repository (or any of the parent directories): .git
2025-10-27 09:56:46.862 [info] > git rev-parse --show-toplevel [32ms]
2025-10-27 09:56:46.862 [info] fatal: not a git repository (or any of the parent directories): .git
2025-10-27 09:57:08.798 [info] > git rev-parse --show-toplevel [18ms]
2025-10-27 09:57:08.806 [info] fatal: not a git repository (or any of the parent directories): .git
2025-10-27 09:57:30.442 [info] > git rev-parse --show-toplevel [12ms]
2025-10-27 09:57:30.442 [info] fatal: not a git repository (or any of the parent directories): .git
2025-10-27 09:57:45.204 [info] > git rev-parse --show-toplevel [10ms]
2025-10-27 09:57:45.204 [info] fatal: not a git repository (or any of the parent directories): .git
2025-10-27 09:57:46.842 [info] > git rev-parse --show-toplevel [25ms]
2025-10-27 09:57:46.842 [info] fatal: not a git repository (or any of the parent directories): .git
2025-10-27 09:58:16.871 [info] > git rev-parse --show-toplevel [21ms]
2025-10-27 09:58:16.871 [info] fatal: not a git repository (or any of the parent directories): .git
2025-10-27 09:58:46.128 [info] > git rev-parse --show-toplevel [18ms]
2025-10-27 09:58:46.132 [info] fatal: not a git repository (or any of the parent directories): .git
2025-10-27 09:58:47.175 [info] > git rev-parse --show-toplevel [41ms]
2025-10-27 09:58:47.176 [info] fatal: not a git repository (or any of the parent directories): .git
2025-10-27 10:02:55.640 [info] > git rev-parse --show-toplevel [6ms]
2025-10-27 10:02:55.640 [info] fatal: not a git repository (or any of the parent directories): .git
2025-10-27 10:04:42.503 [info] > git rev-parse --show-toplevel [13ms]
2025-10-27 10:04:42.503 [info] fatal: not a git repository (or any of the parent directories): .git
2025-10-27 10:05:05.041 [info] > git rev-parse --show-toplevel [13ms]
2025-10-27 10:05:05.041 [info] fatal: not a git repository (or any of the parent directories): .git
2025-10-27 10:16:06.049 [info] > git rev-parse --show-toplevel [103ms]
2025-10-27 10:16:06.049 [info] fatal: not a git repository (or any of the parent directories): .git
2025-10-27 10:21:59.756 [info] > git rev-parse --show-toplevel [5ms]
2025-10-27 10:21:59.756 [info] fatal: not a git repository (or any of the parent directories): .git
2025-10-27 10:22:08.670 [info] > git rev-parse --show-toplevel [5ms]
2025-10-27 10:22:08.670 [info] fatal: not a git repository (or any of the parent directories): .git
2025-10-27 11:54:06.211 [info] > git rev-parse --show-toplevel [257ms]
2025-10-27 11:54:06.291 [info] fatal: not a git repository (or any of the parent directories): .git
2025-10-27 11:54:10.089 [info] > git rev-parse --show-toplevel [22ms]
2025-10-27 11:54:10.089 [info] fatal: not a git repository (or any of the parent directories): .git
2025-10-27 11:54:13.641 [info] > git rev-parse --show-toplevel [12ms]
2025-10-27 11:54:13.641 [info] fatal: not a git repository (or any of the parent directories): .git
2025-10-27 11:55:24.216 [info] > git rev-parse --show-toplevel [21ms]
2025-10-27 11:55:24.217 [info] fatal: not a git repository (or any of the parent directories): .git
2025-10-27 11:56:22.526 [info] > git rev-parse --show-toplevel [5ms]
2025-10-27 11:56:22.527 [info] fatal: not a git repository (or any of the parent directories): .git
2025-10-27 11:56:27.093 [info] > git rev-parse --show-toplevel [17ms]
2025-10-27 11:56:27.093 [info] fatal: not a git repository (or any of the parent directories): .git
2025-10-27 12:04:50.312 [info] > git rev-parse --show-toplevel [51ms]
2025-10-27 12:04:50.312 [info] fatal: not a git repository (or any of the parent directories): .git
2025-10-27 12:05:04.105 [info] > git rev-parse --show-toplevel [6ms]
2025-10-27 12:05:04.106 [info] fatal: not a git repository (or any of the parent directories): .git
2025-10-27 12:05:16.758 [info] > git rev-parse --show-toplevel [17ms]
2025-10-27 12:05:16.758 [info] fatal: not a git repository (or any of the parent directories): .git
2025-10-27 12:05:22.185 [info] > git rev-parse --show-toplevel [77ms]
2025-10-27 12:05:22.186 [info] fatal: not a git repository (or any of the parent directories): .git
2025-10-27 12:09:41.996 [info] > git rev-parse --show-toplevel [27ms]
2025-10-27 12:09:41.997 [info] fatal: not a git repository (or any of the parent directories): .git
2025-10-27 12:09:47.256 [info] > git rev-parse --show-toplevel [10ms]
2025-10-27 12:09:47.256 [info] fatal: not a git repository (or any of the parent directories): .git
2025-10-27 12:09:55.928 [info] > git rev-parse --show-toplevel [14ms]
2025-10-27 12:09:55.928 [info] fatal: not a git repository (or any of the parent directories): .git
2025-10-27 12:10:13.618 [info] > git rev-parse --show-toplevel [40ms]
2025-10-27 12:10:13.619 [info] fatal: not a git repository (or any of the parent directories): .git
2025-10-27 12:12:39.352 [info] > git rev-parse --show-toplevel [16ms]
2025-10-27 12:12:39.352 [info] fatal: not a git repository (or any of the parent directories): .git
2025-10-27 12:12:47.324 [info] > git rev-parse --show-toplevel [57ms]
2025-10-27 12:12:47.324 [info] fatal: not a git repository (or any of the parent directories): .git
2025-10-27 12:13:00.229 [info] > git rev-parse --show-toplevel [12ms]
2025-10-27 12:13:00.232 [info] fatal: not a git repository (or any of the parent directories): .git
2025-10-27 12:13:01.330 [info] > git rev-parse --show-toplevel [53ms]
2025-10-27 12:13:01.331 [info] fatal: not a git repository (or any of the parent directories): .git
2025-10-27 12:13:10.975 [info] > git rev-parse --show-toplevel [99ms]
2025-10-27 12:13:10.975 [info] fatal: not a git repository (or any of the parent directories): .git
2025-10-27 12:31:00.992 [info] > git rev-parse --show-toplevel [6ms]
2025-10-27 12:31:00.992 [info] fatal: not a git repository (or any of the parent directories): .git
2025-10-27 12:32:38.613 [info] > git rev-parse --show-toplevel [3ms]
2025-10-27 12:32:38.613 [info] fatal: not a git repository (or any of the parent directories): .git
2025-10-27 12:32:56.153 [info] > git rev-parse --show-toplevel [26ms]
2025-10-27 12:32:56.153 [info] fatal: not a git repository (or any of the parent directories): .git
2025-10-27 12:32:57.316 [info] > git rev-parse --show-toplevel [9ms]
2025-10-27 12:32:57.317 [info] fatal: not a git repository (or any of the parent directories): .git
2025-10-27 12:32:59.970 [info] > git rev-parse --show-toplevel [39ms]
2025-10-27 12:32:59.971 [info] fatal: not a git repository (or any of the parent directories): .git
2025-10-27 12:33:14.569 [info] > git rev-parse --show-toplevel [21ms]
2025-10-27 12:33:14.570 [info] fatal: not a git repository (or any of the parent directories): .git
2025-10-27 12:33:15.378 [info] > git rev-parse --show-toplevel [25ms]
2025-10-27 12:33:15.379 [info] fatal: not a git repository (or any of the parent directories): .git
2025-10-27 12:33:21.156 [info] > git rev-parse --show-toplevel [57ms]
2025-10-27 12:33:21.156 [info] fatal: not a git repository (or any of the parent directories): .git
2025-10-27 12:33:22.096 [info] > git rev-parse --show-toplevel [21ms]
2025-10-27 12:33:22.096 [info] fatal: not a git repository (or any of the parent directories): .git
2025-10-27 12:34:04.754 [info] > git rev-parse --show-toplevel [41ms]
2025-10-27 12:34:04.754 [info] fatal: not a git repository (or any of the parent directories): .git
2025-10-27 12:35:56.246 [info] > git rev-parse --show-toplevel [31ms]
2025-10-27 12:35:56.247 [info] fatal: not a git repository (or any of the parent directories): .git
2025-10-27 12:36:18.786 [info] > git rev-parse --show-toplevel [31ms]
2025-10-27 12:36:18.807 [info] fatal: not a git repository (or any of the parent directories): .git
2025-10-27 12:36:19.919 [info] > git rev-parse --show-toplevel [4ms]
2025-10-27 12:36:19.919 [info] fatal: not a git repository (or any of the parent directories): .git
2025-10-27 12:36:25.559 [info] > git rev-parse --show-toplevel [47ms]
2025-10-27 12:36:25.559 [info] fatal: not a git repository (or any of the parent directories): .git
2025-10-27 12:36:41.644 [info] > git rev-parse --show-toplevel [22ms]
2025-10-27 12:36:41.644 [info] fatal: not a git repository (or any of the parent directories): .git
2025-10-27 12:36:46.434 [info] > git rev-parse --show-toplevel [51ms]
2025-10-27 12:36:46.434 [info] fatal: not a git repository (or any of the parent directories): .git
2025-10-27 12:37:57.172 [info] > git rev-parse --show-toplevel [2ms]
2025-10-27 12:37:57.186 [info] fatal: not a git repository (or any of the parent directories): .git
2025-10-27 12:38:28.420 [info] > git rev-parse --show-toplevel [53ms]
2025-10-27 12:38:28.420 [info] fatal: not a git repository (or any of the parent directories): .git
2025-10-27 12:38:32.848 [info] > git rev-parse --show-toplevel [37ms]
2025-10-27 12:38:32.848 [info] fatal: not a git repository (or any of the parent directories): .git
2025-10-27 12:38:37.990 [info] > git rev-parse --show-toplevel [56ms]
2025-10-27 12:38:37.991 [info] fatal: not a git repository (or any of the parent directories): .git
2025-10-27 12:38:48.944 [info] > git rev-parse --show-toplevel [22ms]
2025-10-27 12:38:48.944 [info] fatal: not a git repository (or any of the parent directories): .git
2025-10-27 12:39:34.201 [info] > git rev-parse --show-toplevel [6ms]
2025-10-27 12:39:34.201 [info] fatal: not a git repository (or any of the parent directories): .git
2025-10-27 12:39:37.049 [info] > git rev-parse --show-toplevel [21ms]
2025-10-27 12:39:37.049 [info] fatal: not a git repository (or any of the parent directories): .git
2025-10-27 12:39:37.909 [info] > git rev-parse --show-toplevel [9ms]
2025-10-27 12:39:37.909 [info] fatal: not a git repository (or any of the parent directories): .git
2025-10-27 12:40:19.674 [info] > git rev-parse --show-toplevel [12ms]
2025-10-27 12:40:19.674 [info] fatal: not a git repository (or any of the parent directories): .git
2025-10-27 12:41:41.461 [info] > git rev-parse --show-toplevel [4ms]
2025-10-27 12:41:41.461 [info] fatal: not a git repository (or any of the parent directories): .git
2025-10-27 12:41:44.445 [info] > git rev-parse --show-toplevel [42ms]
2025-10-27 12:41:44.446 [info] fatal: not a git repository (or any of the parent directories): .git
2025-10-27 12:41:45.310 [info] > git rev-parse --show-toplevel [9ms]
2025-10-27 12:41:45.310 [info] fatal: not a git repository (or any of the parent directories): .git
2025-10-27 12:41:46.177 [info] > git rev-parse --show-toplevel [20ms]
2025-10-27 12:41:46.177 [info] fatal: not a git repository (or any of the parent directories): .git
2025-10-27 12:41:50.028 [info] > git rev-parse --show-toplevel [4ms]
2025-10-27 12:41:50.028 [info] fatal: not a git repository (or any of the parent directories): .git
2025-10-27 12:41:54.248 [info] > git rev-parse --show-toplevel [8ms]
2025-10-27 12:41:54.248 [info] fatal: not a git repository (or any of the parent directories): .git
2025-10-27 12:41:59.397 [info] > git rev-parse --show-toplevel [26ms]
2025-10-27 12:41:59.397 [info] fatal: not a git repository (or any of the parent directories): .git
2025-10-27 12:42:01.272 [info] > git rev-parse --show-toplevel [8ms]
2025-10-27 12:42:01.272 [info] fatal: not a git repository (or any of the parent directories): .git
2025-10-27 12:46:07.927 [info] > git rev-parse --show-toplevel [8ms]
2025-10-27 12:46:07.927 [info] fatal: not a git repository (or any of the parent directories): .git
2025-10-27 12:48:01.379 [info] > git rev-parse --show-toplevel [42ms]
2025-10-27 12:48:01.380 [info] fatal: not a git repository (or any of the parent directories): .git
2025-10-27 12:49:31.188 [info] > git rev-parse --show-toplevel [8ms]
2025-10-27 12:49:31.188 [info] fatal: not a git repository (or any of the parent directories): .git
2025-10-27 12:50:07.039 [info] > git rev-parse --show-toplevel [6ms]
2025-10-27 12:50:07.039 [info] fatal: not a git repository (or any of the parent directories): .git
2025-10-27 12:50:10.780 [info] > git rev-parse --show-toplevel [14ms]
2025-10-27 12:50:10.780 [info] fatal: not a git repository (or any of the parent directories): .git
2025-10-27 12:50:11.707 [info] > git rev-parse --show-toplevel [13ms]
2025-10-27 12:50:11.708 [info] fatal: not a git repository (or any of the parent directories): .git
2025-10-27 12:50:22.476 [info] > git rev-parse --show-toplevel [9ms]
2025-10-27 12:50:22.477 [info] fatal: not a git repository (or any of the parent directories): .git
2025-10-27 12:50:33.878 [info] > git rev-parse --show-toplevel [100ms]
2025-10-27 12:50:33.878 [info] fatal: not a git repository (or any of the parent directories): .git
2025-10-27 12:50:36.171 [info] > git rev-parse --show-toplevel [2ms]
2025-10-27 12:50:36.172 [info] fatal: not a git repository (or any of the parent directories): .git
2025-10-27 12:50:38.083 [info] > git rev-parse --show-toplevel [17ms]
2025-10-27 12:50:38.087 [info] fatal: not a git repository (or any of the parent directories): .git
2025-10-27 12:50:44.229 [info] > git rev-parse --show-toplevel [17ms]
2025-10-27 12:50:44.229 [info] fatal: not a git repository (or any of the parent directories): .git
2025-10-27 12:50:53.459 [info] > git rev-parse --show-toplevel [39ms]
2025-10-27 12:50:53.459 [info] fatal: not a git repository (or any of the parent directories): .git
2025-10-27 12:51:21.624 [info] > git rev-parse --show-toplevel [10ms]
2025-10-27 12:51:21.624 [info] fatal: not a git repository (or any of the parent directories): .git
2025-10-27 12:53:20.723 [info] > git rev-parse --show-toplevel [14ms]
2025-10-27 12:53:20.723 [info] fatal: not a git repository (or any of the parent directories): .git
2025-10-27 12:53:52.345 [info] > git rev-parse --show-toplevel [10ms]
2025-10-27 12:53:52.346 [info] fatal: not a git repository (or any of the parent directories): .git
2025-10-27 12:56:17.705 [info] > git rev-parse --show-toplevel [19ms]
2025-10-27 12:56:17.705 [info] fatal: not a git repository (or any of the parent directories): .git
2025-10-27 12:56:24.281 [info] > git rev-parse --show-toplevel [11ms]
2025-10-27 12:56:24.282 [info] fatal: not a git repository (or any of the parent directories): .git
2025-10-27 12:58:01.557 [info] > git rev-parse --show-toplevel [40ms]
2025-10-27 12:58:01.558 [info] fatal: not a git repository (or any of the parent directories): .git
2025-10-27 12:58:07.229 [info] > git rev-parse --show-toplevel [6ms]
2025-10-27 12:58:07.229 [info] fatal: not a git repository (or any of the parent directories): .git
2025-10-27 12:58:15.278 [info] > git rev-parse --show-toplevel [5ms]
2025-10-27 12:58:15.278 [info] fatal: not a git repository (or any of the parent directories): .git
2025-10-27 12:59:09.913 [info] > git rev-parse --show-toplevel [8ms]
2025-10-27 12:59:09.913 [info] fatal: not a git repository (or any of the parent directories): .git
2025-10-27 13:47:35.094 [info] > git rev-parse --show-toplevel [108ms]
2025-10-27 13:47:35.094 [info] fatal: not a git repository (or any of the parent directories): .git
2025-10-27 13:47:45.342 [info] > git rev-parse --show-toplevel [29ms]
2025-10-27 13:47:45.342 [info] fatal: not a git repository (or any of the parent directories): .git
2025-10-27 13:49:49.343 [info] > git rev-parse --show-toplevel [10ms]
2025-10-27 13:49:49.343 [info] fatal: not a git repository (or any of the parent directories): .git
2025-10-27 13:56:09.162 [info] > git rev-parse --show-toplevel [76ms]
2025-10-27 13:56:09.170 [info] fatal: not a git repository (or any of the parent directories): .git
2025-10-27 13:56:30.950 [info] > git rev-parse --show-toplevel [7ms]
2025-10-27 13:56:30.951 [info] fatal: not a git repository (or any of the parent directories): .git
2025-10-27 13:57:11.363 [info] > git rev-parse --show-toplevel [10ms]
2025-10-27 13:57:11.363 [info] fatal: not a git repository (or any of the parent directories): .git
2025-10-27 14:06:51.893 [info] > git rev-parse --show-toplevel [34ms]
2025-10-27 14:06:51.899 [info] fatal: not a git repository (or any of the parent directories): .git
2025-10-27 14:07:23.812 [info] > git rev-parse --show-toplevel [7ms]
2025-10-27 14:07:23.812 [info] fatal: not a git repository (or any of the parent directories): .git
2025-10-27 14:07:41.476 [info] > git rev-parse --show-toplevel [8ms]
2025-10-27 14:07:41.476 [info] fatal: not a git repository (or any of the parent directories): .git
2025-10-27 14:14:03.178 [info] > git rev-parse --show-toplevel [53ms]
2025-10-27 14:14:03.183 [info] fatal: not a git repository (or any of the parent directories): .git
2025-10-27 14:17:04.139 [info] > git rev-parse --show-toplevel [10ms]
2025-10-27 14:17:04.140 [info] fatal: not a git repository (or any of the parent directories): .git
2025-10-27 14:17:28.973 [info] > git rev-parse --show-toplevel [10ms]
2025-10-27 14:17:28.973 [info] fatal: not a git repository (or any of the parent directories): .git
2025-10-27 14:19:44.972 [info] > git rev-parse --show-toplevel [14ms]
2025-10-27 14:19:44.972 [info] fatal: not a git repository (or any of the parent directories): .git
2025-10-27 14:19:55.003 [info] > git rev-parse --show-toplevel [14ms]
2025-10-27 14:19:55.003 [info] fatal: not a git repository (or any of the parent directories): .git
2025-10-27 14:20:02.908 [info] > git rev-parse --show-toplevel [12ms]
2025-10-27 14:20:02.909 [info] fatal: not a git repository (or any of the parent directories): .git
2025-10-27 14:20:23.861 [info] > git rev-parse --show-toplevel [10ms]
2025-10-27 14:20:23.861 [info] fatal: not a git repository (or any of the parent directories): .git
2025-10-27 14:20:59.340 [info] > git rev-parse --show-toplevel [1ms]
2025-10-27 14:20:59.340 [info] fatal: not a git repository (or any of the parent directories): .git
2025-10-27 14:21:58.714 [info] > git rev-parse --show-toplevel [3ms]
2025-10-27 14:21:58.714 [info] fatal: not a git repository (or any of the parent directories): .git
2025-10-27 14:22:03.527 [info] > git rev-parse --show-toplevel [11ms]
2025-10-27 14:22:03.527 [info] fatal: not a git repository (or any of the parent directories): .git
2025-10-27 14:22:05.218 [info] > git rev-parse --show-toplevel [4ms]
2025-10-27 14:22:05.219 [info] fatal: not a git repository (or any of the parent directories): .git
2025-10-27 14:24:04.739 [info] > git rev-parse --show-toplevel [9ms]
2025-10-27 14:24:04.739 [info] fatal: not a git repository (or any of the parent directories): .git
2025-10-27 14:24:08.780 [info] > git rev-parse --show-toplevel [13ms]
2025-10-27 14:24:08.789 [info] fatal: not a git repository (or any of the parent directories): .git
2025-10-27 15:49:13.876 [info] > git rev-parse --show-toplevel [17ms]
2025-10-27 15:49:13.876 [info] fatal: not a git repository (or any of the parent directories): .git
2025-10-27 15:49:19.142 [info] > git rev-parse --show-toplevel [9ms]
2025-10-27 15:49:19.142 [info] fatal: not a git repository (or any of the parent directories): .git
2025-10-27 15:49:24.811 [info] > git rev-parse --show-toplevel [6ms]
2025-10-27 15:49:24.811 [info] fatal: not a git repository (or any of the parent directories): .git
2025-10-27 15:51:48.595 [info] > git rev-parse --show-toplevel [8ms]
2025-10-27 15:51:48.595 [info] fatal: not a git repository (or any of the parent directories): .git
2025-10-27 15:51:51.131 [info] > git rev-parse --show-toplevel [2ms]
2025-10-27 15:51:51.131 [info] fatal: not a git repository (or any of the parent directories): .git
2025-10-27 15:52:21.556 [info] > git rev-parse --show-toplevel [4ms]
2025-10-27 15:52:21.556 [info] fatal: not a git repository (or any of the parent directories): .git
2025-10-27 15:53:26.429 [info] > git rev-parse --show-toplevel [83ms]
2025-10-27 15:53:26.429 [info] fatal: not a git repository (or any of the parent directories): .git
2025-10-27 15:54:19.452 [info] > git rev-parse --show-toplevel [16ms]
2025-10-27 15:54:19.452 [info] fatal: not a git repository (or any of the parent directories): .git
2025-10-27 15:55:27.614 [info] > git rev-parse --show-toplevel [28ms]
2025-10-27 15:55:27.614 [info] fatal: not a git repository (or any of the parent directories): .git
2025-10-27 15:59:44.615 [info] > git rev-parse --show-toplevel [21ms]
2025-10-27 15:59:44.616 [info] fatal: not a git repository (or any of the parent directories): .git
2025-10-27 15:59:55.473 [info] > git rev-parse --show-toplevel [38ms]
2025-10-27 15:59:55.475 [info] fatal: not a git repository (or any of the parent directories): .git
2025-10-27 15:59:59.487 [info] > git rev-parse --show-toplevel [5ms]
2025-10-27 15:59:59.487 [info] fatal: not a git repository (or any of the parent directories): .git
2025-10-27 16:02:50.038 [info] > git rev-parse --show-toplevel [22ms]
2025-10-27 16:02:50.039 [info] fatal: not a git repository (or any of the parent directories): .git
2025-10-27 16:02:59.203 [info] > git rev-parse --show-toplevel [33ms]
2025-10-27 16:02:59.204 [info] fatal: not a git repository (or any of the parent directories): .git
2025-10-27 16:03:09.714 [info] > git rev-parse --show-toplevel [25ms]
2025-10-27 16:03:09.714 [info] fatal: not a git repository (or any of the parent directories): .git
2025-10-27 16:04:29.055 [info] > git rev-parse --show-toplevel [20ms]
2025-10-27 16:04:29.055 [info] fatal: not a git repository (or any of the parent directories): .git
2025-10-27 16:04:44.132 [info] > git rev-parse --show-toplevel [18ms]
2025-10-27 16:04:44.132 [info] fatal: not a git repository (or any of the parent directories): .git
2025-10-27 16:05:08.664 [info] > git rev-parse --show-toplevel [9ms]
2025-10-27 16:05:08.664 [info] fatal: not a git repository (or any of the parent directories): .git
2025-10-27 16:06:58.963 [info] > git rev-parse --show-toplevel [25ms]
2025-10-27 16:06:58.963 [info] fatal: not a git repository (or any of the parent directories): .git
2025-10-27 16:07:35.471 [info] > git rev-parse --show-toplevel [6ms]
2025-10-27 16:07:35.471 [info] fatal: not a git repository (or any of the parent directories): .git
2025-10-27 16:07:38.795 [info] > git rev-parse --show-toplevel [6ms]
2025-10-27 16:07:38.795 [info] fatal: not a git repository (or any of the parent directories): .git
