2025-10-27 17:13:05.399 [info] [main] Log level: Info
2025-10-27 17:13:05.399 [info] [main] Validating found git in: "git"
2025-10-27 17:13:05.399 [info] [main] Using git "2.51.0" from "git"
2025-10-27 17:13:05.399 [info] [Model][doInitialScan] Initial repository scan started
2025-10-27 17:13:05.399 [info] > git rev-parse --show-toplevel [214ms]
2025-10-27 17:13:05.399 [info] fatal: not a git repository (or any of the parent directories): .git
2025-10-27 17:13:06.267 [info] > git rev-parse --show-toplevel [750ms]
2025-10-27 17:13:06.267 [info] fatal: not a git repository (or any of the parent directories): .git
2025-10-27 17:13:06.457 [info] > git rev-parse --show-toplevel [26ms]
2025-10-27 17:13:06.466 [info] fatal: not a git repository (or any of the parent directories): .git
2025-10-27 17:13:06.507 [info] > git rev-parse --show-toplevel [22ms]
2025-10-27 17:13:06.507 [info] fatal: not a git repository (or any of the parent directories): .git
2025-10-27 17:13:06.508 [info] [Model][doInitialScan] Initial repository scan completed - repositories (0), closed repositories (0), parent repositories (0), unsafe repositories (0)
2025-10-27 17:13:44.044 [info] > git rev-parse --show-toplevel [3ms]
2025-10-27 17:13:44.044 [info] fatal: not a git repository (or any of the parent directories): .git
2025-10-27 17:13:47.701 [info] > git rev-parse --show-toplevel [3ms]
2025-10-27 17:13:47.702 [info] fatal: not a git repository (or any of the parent directories): .git
2025-10-27 17:13:49.075 [info] > git rev-parse --show-toplevel [26ms]
2025-10-27 17:13:49.075 [info] fatal: not a git repository (or any of the parent directories): .git
2025-10-27 17:14:36.872 [info] > git rev-parse --show-toplevel [46ms]
2025-10-27 17:14:36.872 [info] fatal: not a git repository (or any of the parent directories): .git
2025-10-27 17:14:38.766 [info] > git rev-parse --show-toplevel [38ms]
2025-10-27 17:14:38.767 [info] fatal: not a git repository (or any of the parent directories): .git
2025-10-27 17:21:19.140 [info] > git rev-parse --show-toplevel [8ms]
2025-10-27 17:21:19.165 [info] > git rev-parse --git-dir --git-common-dir [5ms]
2025-10-27 17:21:19.215 [info] [Model][openRepository] Opened repository: /home/pablo/Escritorio/_track_selection
2025-10-27 17:21:19.282 [info] > git config --get commit.template [31ms]
2025-10-27 17:21:19.306 [info] [Git][getRemotes] No remotes found in the git config file
2025-10-27 17:21:19.312 [info] > git for-each-ref --format=%(refname)%00%(upstream:short)%00%(objectname)%00%(upstream:track)%00%(upstream:remotename)%00%(upstream:remoteref) refs/heads/master refs/remotes/master [7ms]
2025-10-27 17:21:19.313 [warning] [Git][getBranch] No such branch: master
2025-10-27 17:21:19.352 [info] > git for-each-ref --sort -committerdate --format %(refname)%00%(objectname)%00%(*objectname) [12ms]
2025-10-27 17:21:19.383 [info] > git status -z -uall [56ms]
2025-10-27 17:21:20.027 [info] > git for-each-ref --format=%(refname)%00%(upstream:short)%00%(objectname)%00%(upstream:track)%00%(upstream:remotename)%00%(upstream:remoteref) refs/heads/master refs/remotes/master [498ms]
2025-10-27 17:21:20.027 [warning] [Git][getBranch] No such branch: master
2025-10-27 17:21:20.028 [error] [GitHistoryProvider][resolveHEADMergeBase] Failed to resolve merge base for master: Error: No such branch: master.
2025-10-27 17:21:20.064 [info] > git config --get commit.template [34ms]
2025-10-27 17:21:20.093 [info] [Git][getRemotes] No remotes found in the git config file
2025-10-27 17:21:20.096 [info] > git check-ignore -v -z --stdin [46ms]
2025-10-27 17:21:20.106 [info] > git for-each-ref --format=%(refname)%00%(upstream:short)%00%(objectname)%00%(upstream:track)%00%(upstream:remotename)%00%(upstream:remoteref) refs/heads/master refs/remotes/master [13ms]
2025-10-27 17:21:20.106 [warning] [Git][getBranch] No such branch: master
2025-10-27 17:21:20.311 [info] > git status -z -uall [134ms]
2025-10-27 17:21:20.450 [info] > git for-each-ref --sort -committerdate --format %(refname)%00%(objectname)%00%(*objectname) [164ms]
2025-10-27 17:21:35.439 [info] > git check-ignore -v -z --stdin [11ms]
